<testng-results>
  <reporter-output>
  </reporter-output>
  <suite name="crypto2">
    <groups>
    </groups>
    <test name="cryptotest">
      <class name="edu.crypto2.cryptotest.TransformTest">
        <test-method status="PASS" signature="testAESShiftRows(java.lang.String)" name="testAESShiftRows" duration-ms="0" started-at="2009-10-18T15:14:07Z" finished-at="2009-10-18T15:14:07Z">
          <params>
            <param index="0">
              <value>
                <![CDATA[d42711aee0bf98f1b8b45de51e415230]]>
              </value>
            </param>
          </params>
        </test-method>
        <test-method status="PASS" signature="testAESMixColumns(java.lang.String)" name="testAESMixColumns" duration-ms="0" started-at="2009-10-18T15:14:07Z" finished-at="2009-10-18T15:14:07Z">
          <params>
            <param index="0">
              <value>
                <![CDATA[d4bf5d30e0b452aeb84111f11e2798e5]]>
              </value>
            </param>
          </params>
        </test-method>
        <test-method status="PASS" signature="testXmlParser(java.lang.String)" name="testXmlParser" duration-ms="0" started-at="2009-10-18T15:14:07Z" finished-at="2009-10-18T15:14:07Z">
          <params>
            <param index="0">
              <value>
                <![CDATA[SubBytes]]>
              </value>
            </param>
          </params>
        </test-method>
        <test-method status="PASS" signature="testAESSubBytes(java.lang.String)" name="testAESSubBytes" duration-ms="16" started-at="2009-10-18T15:14:07Z" finished-at="2009-10-18T15:14:07Z">
          <params>
            <param index="0">
              <value>
                <![CDATA[193de3bea0f4e22b9ac68d2ae9f84808]]>
              </value>
            </param>
          </params>
        </test-method>
        <test-method status="PASS" signature="testAESKeyExpansion(java.lang.String)" name="testAESKeyExpansion" duration-ms="250" started-at="2009-10-18T15:14:07Z" finished-at="2009-10-18T15:14:07Z">
          <params>
            <param index="0">
              <value>
                <![CDATA[2b7e151628aed2a6abf7158809cf4f3c]]>
              </value>
            </param>
          </params>
        </test-method>
      </class>
    </test>
  </suite>
</testng-results>
