<testng-results>
  <reporter-output>
  </reporter-output>
  <suite name="TransfromTest">
    <groups>
    </groups>
    <test name="cryptotest">
      <class name="edu.crypto2.cryptotest.TransformTest">
        <test-method status="PASS" signature="testAESAddRoundKey(java.lang.String, java.lang.String)" name="testAESAddRoundKey" duration-ms="0" started-at="2009-11-01T22:39:15Z" finished-at="2009-11-01T22:39:15Z">
          <params>
            <param index="0">
              <value>
                <![CDATA[2b7e151628aed2a6abf7158809cf4f3c]]>
              </value>
            </param>
            <param index="1">
              <value>
                <![CDATA[3243f6a8885a308d313198a2e0370734]]>
              </value>
            </param>
          </params>
        </test-method>
        <test-method status="PASS" signature="testAESMixColumns(java.lang.String)" name="testAESMixColumns" duration-ms="0" started-at="2009-11-01T22:39:15Z" finished-at="2009-11-01T22:39:15Z">
          <params>
            <param index="0">
              <value>
                <![CDATA[d4bf5d30e0b452aeb84111f11e2798e5]]>
              </value>
            </param>
          </params>
        </test-method>
        <test-method status="PASS" signature="testAESSubBytes(java.lang.String)" name="testAESSubBytes" duration-ms="0" started-at="2009-11-01T22:39:15Z" finished-at="2009-11-01T22:39:15Z">
          <params>
            <param index="0">
              <value>
                <![CDATA[193de3bea0f4e22b9ac68d2ae9f84808]]>
              </value>
            </param>
          </params>
        </test-method>
        <test-method status="PASS" signature="testAESKeyExpansion(java.lang.String)" name="testAESKeyExpansion" duration-ms="16" started-at="2009-11-01T22:39:15Z" finished-at="2009-11-01T22:39:15Z">
          <params>
            <param index="0">
              <value>
                <![CDATA[2b7e151628aed2a6abf7158809cf4f3c]]>
              </value>
            </param>
          </params>
        </test-method>
        <test-method status="PASS" signature="testAESShiftRows(java.lang.String)" name="testAESShiftRows" duration-ms="15" started-at="2009-11-01T22:39:15Z" finished-at="2009-11-01T22:39:15Z">
          <params>
            <param index="0">
              <value>
                <![CDATA[d42711aee0bf98f1b8b45de51e415230]]>
              </value>
            </param>
          </params>
        </test-method>
      </class>
    </test>
    <test name="AllUnitTests">
      <class name="edu.crypto2.services.TestValuesDaoTest">
        <test-method status="SKIP" signature="testGetByType()" name="testGetByType" duration-ms="0" started-at="2009-11-01T22:39:16Z" finished-at="2009-11-01T22:39:16Z">
        </test-method>
        <test-method status="FAIL" signature="setUp()" name="setUp" is-config="true" duration-ms="0" started-at="2009-11-01T22:39:16Z" finished-at="2009-11-01T22:39:16Z">
          <exception class="java.lang.NoClassDefFoundError">
            <message>
              <![CDATA[Could not initialize class edu.crypto2.rest.HibernateUtil]]>
            </message>
            <full-stacktrace>
              <![CDATA[java.lang.NoClassDefFoundError: Could not initialize class edu.crypto2.rest.HibernateUtil
	at edu.crypto2.services.TestValuesDaoImpl.<init>(TestValuesDaoImpl.java:158)
	at edu.crypto2.services.TestValuesDaoTest.createTestedObject(TestValuesDaoTest.java:29)
	at edu.crypto2.services.TestValuesDaoTest.setUp(TestValuesDaoTest.java:33)
	at sun.reflect.NativeMethodAccessorImpl.invoke0(Native Method)
	at sun.reflect.NativeMethodAccessorImpl.invoke(NativeMethodAccessorImpl.java:39)
	at sun.reflect.DelegatingMethodAccessorImpl.invoke(DelegatingMethodAccessorImpl.java:25)
	at java.lang.reflect.Method.invoke(Method.java:597)
	at org.testng.internal.MethodHelper.invokeMethod(MethodHelper.java:607)
	at org.testng.internal.Invoker.invokeConfigurationMethod(Invoker.java:417)
	at org.testng.internal.Invoker.invokeConfigurations(Invoker.java:154)
	at org.testng.internal.Invoker.invokeMethod(Invoker.java:464)
	at org.testng.internal.Invoker.invokeTestMethod(Invoker.java:669)
	at org.testng.internal.Invoker.invokeTestMethods(Invoker.java:956)
	at org.testng.internal.TestMethodWorker.invokeTestMethods(TestMethodWorker.java:126)
	at org.testng.internal.TestMethodWorker.run(TestMethodWorker.java:110)
	at org.testng.TestRunner.runWorkers(TestRunner.java:759)
	at org.testng.TestRunner.privateRun(TestRunner.java:592)
	at org.testng.TestRunner.run(TestRunner.java:486)
	at org.testng.SuiteRunner.runTest(SuiteRunner.java:332)
	at org.testng.SuiteRunner.runSequentially(SuiteRunner.java:327)
	at org.testng.SuiteRunner.privateRun(SuiteRunner.java:299)
	at org.testng.SuiteRunner.run(SuiteRunner.java:204)
	at org.testng.TestNG.createAndRunSuiteRunners(TestNG.java:877)
	at org.testng.TestNG.runSuitesLocally(TestNG.java:842)
	at org.testng.TestNG.run(TestNG.java:751)
	at org.testng.remote.RemoteTestNG.run(RemoteTestNG.java:73)
	at org.testng.remote.RemoteTestNG.main(RemoteTestNG.java:124)
]]>
            </full-stacktrace>
          </exception>
        </test-method>
      </class>
      <class name="edu.crypto2.services.SourceDaoTest">
        <test-method status="FAIL" signature="setUp()" name="setUp" is-config="true" duration-ms="0" started-at="2009-11-01T22:39:16Z" finished-at="2009-11-01T22:39:16Z">
          <exception class="java.lang.ExceptionInInitializerError">
            <full-stacktrace>
              <![CDATA[java.lang.ExceptionInInitializerError
	at edu.crypto2.rest.HibernateUtil.<clinit>(HibernateUtil.java:15)
	at edu.crypto2.services.SourceDaoImpl.<init>(SourceDaoImpl.java:112)
	at edu.crypto2.services.SourceDaoTest.createTestedObject(SourceDaoTest.java:30)
	at edu.crypto2.services.SourceDaoTest.setUp(SourceDaoTest.java:34)
	at sun.reflect.NativeMethodAccessorImpl.invoke0(Native Method)
	at sun.reflect.NativeMethodAccessorImpl.invoke(NativeMethodAccessorImpl.java:39)
	at sun.reflect.DelegatingMethodAccessorImpl.invoke(DelegatingMethodAccessorImpl.java:25)
	at java.lang.reflect.Method.invoke(Method.java:597)
	at org.testng.internal.MethodHelper.invokeMethod(MethodHelper.java:607)
	at org.testng.internal.Invoker.invokeConfigurationMethod(Invoker.java:417)
	at org.testng.internal.Invoker.invokeConfigurations(Invoker.java:154)
	at org.testng.internal.Invoker.invokeMethod(Invoker.java:464)
	at org.testng.internal.Invoker.invokeTestMethod(Invoker.java:669)
	at org.testng.internal.Invoker.invokeTestMethods(Invoker.java:956)
	at org.testng.internal.TestMethodWorker.invokeTestMethods(TestMethodWorker.java:126)
	at org.testng.internal.TestMethodWorker.run(TestMethodWorker.java:110)
	at org.testng.TestRunner.runWorkers(TestRunner.java:759)
	at org.testng.TestRunner.privateRun(TestRunner.java:592)
	at org.testng.TestRunner.run(TestRunner.java:486)
	at org.testng.SuiteRunner.runTest(SuiteRunner.java:332)
	at org.testng.SuiteRunner.runSequentially(SuiteRunner.java:327)
	at org.testng.SuiteRunner.privateRun(SuiteRunner.java:299)
	at org.testng.SuiteRunner.run(SuiteRunner.java:204)
	at org.testng.TestNG.createAndRunSuiteRunners(TestNG.java:877)
	at org.testng.TestNG.runSuitesLocally(TestNG.java:842)
	at org.testng.TestNG.run(TestNG.java:751)
	at org.testng.remote.RemoteTestNG.run(RemoteTestNG.java:73)
	at org.testng.remote.RemoteTestNG.main(RemoteTestNG.java:124)
Caused by: org.hibernate.MappingNotFoundException: resource: edu/crypto2/entities/Crypto2.hbm.xml not found
	at org.hibernate.cfg.Configuration.addResource(Configuration.java:596)
	at org.hibernate.cfg.Configuration.parseMappingElement(Configuration.java:1621)
	at org.hibernate.cfg.Configuration.parseSessionFactory(Configuration.java:1589)
	at org.hibernate.cfg.Configuration.doConfigure(Configuration.java:1568)
	at org.hibernate.cfg.Configuration.doConfigure(Configuration.java:1542)
	at org.hibernate.cfg.Configuration.configure(Configuration.java:1462)
	at org.hibernate.cfg.Configuration.configure(Configuration.java:1448)
	at edu.crypto2.rest.HibernateUtil.<clinit>(HibernateUtil.java:12)
	... 27 more
]]>
            </full-stacktrace>
          </exception>
        </test-method>
        <test-method status="SKIP" signature="testGetByType()" name="testGetByType" duration-ms="0" started-at="2009-11-01T22:39:16Z" finished-at="2009-11-01T22:39:16Z">
        </test-method>
      </class>
      <class name="edu.crypto2.services.UserDaoTest">
        <test-method status="SKIP" signature="testGetByType()" name="testGetByType" duration-ms="0" started-at="2009-11-01T22:39:16Z" finished-at="2009-11-01T22:39:16Z">
        </test-method>
        <test-method status="FAIL" signature="setUp()" name="setUp" is-config="true" duration-ms="0" started-at="2009-11-01T22:39:16Z" finished-at="2009-11-01T22:39:16Z">
          <exception class="java.lang.NoClassDefFoundError">
            <message>
              <![CDATA[Could not initialize class edu.crypto2.rest.HibernateUtil]]>
            </message>
            <full-stacktrace>
              <![CDATA[java.lang.NoClassDefFoundError: Could not initialize class edu.crypto2.rest.HibernateUtil
	at edu.crypto2.services.UserDaoImpl.<init>(UserDaoImpl.java:43)
	at edu.crypto2.services.UserDaoTest.createTestedObject(UserDaoTest.java:29)
	at edu.crypto2.services.UserDaoTest.setUp(UserDaoTest.java:33)
	at sun.reflect.NativeMethodAccessorImpl.invoke0(Native Method)
	at sun.reflect.NativeMethodAccessorImpl.invoke(NativeMethodAccessorImpl.java:39)
	at sun.reflect.DelegatingMethodAccessorImpl.invoke(DelegatingMethodAccessorImpl.java:25)
	at java.lang.reflect.Method.invoke(Method.java:597)
	at org.testng.internal.MethodHelper.invokeMethod(MethodHelper.java:607)
	at org.testng.internal.Invoker.invokeConfigurationMethod(Invoker.java:417)
	at org.testng.internal.Invoker.invokeConfigurations(Invoker.java:154)
	at org.testng.internal.Invoker.invokeMethod(Invoker.java:464)
	at org.testng.internal.Invoker.invokeTestMethod(Invoker.java:669)
	at org.testng.internal.Invoker.invokeTestMethods(Invoker.java:956)
	at org.testng.internal.TestMethodWorker.invokeTestMethods(TestMethodWorker.java:126)
	at org.testng.internal.TestMethodWorker.run(TestMethodWorker.java:110)
	at org.testng.TestRunner.runWorkers(TestRunner.java:759)
	at org.testng.TestRunner.privateRun(TestRunner.java:592)
	at org.testng.TestRunner.run(TestRunner.java:486)
	at org.testng.SuiteRunner.runTest(SuiteRunner.java:332)
	at org.testng.SuiteRunner.runSequentially(SuiteRunner.java:327)
	at org.testng.SuiteRunner.privateRun(SuiteRunner.java:299)
	at org.testng.SuiteRunner.run(SuiteRunner.java:204)
	at org.testng.TestNG.createAndRunSuiteRunners(TestNG.java:877)
	at org.testng.TestNG.runSuitesLocally(TestNG.java:842)
	at org.testng.TestNG.run(TestNG.java:751)
	at org.testng.remote.RemoteTestNG.run(RemoteTestNG.java:73)
	at org.testng.remote.RemoteTestNG.main(RemoteTestNG.java:124)
]]>
            </full-stacktrace>
          </exception>
        </test-method>
      </class>
      <class name="edu.crypto2.entities.TestValuesTest">
        <test-method status="PASS" signature="testAddAddRoundKey_TestValue()" name="testAddAddRoundKey_TestValue" duration-ms="0" started-at="2009-11-01T22:39:16Z" finished-at="2009-11-01T22:39:16Z">
        </test-method>
        <test-method status="PASS" signature="testAddMixColumns_TestValue()" name="testAddMixColumns_TestValue" duration-ms="0" started-at="2009-11-01T22:39:16Z" finished-at="2009-11-01T22:39:16Z">
        </test-method>
        <test-method status="PASS" signature="testAddKeyExpansion_TestValue()" name="testAddKeyExpansion_TestValue" duration-ms="0" started-at="2009-11-01T22:39:16Z" finished-at="2009-11-01T22:39:16Z">
        </test-method>
        <test-method status="PASS" signature="testAddShiftRows_TestValue()" name="testAddShiftRows_TestValue" duration-ms="0" started-at="2009-11-01T22:39:16Z" finished-at="2009-11-01T22:39:16Z">
        </test-method>
        <test-method status="PASS" signature="begin()" name="begin" is-config="true" duration-ms="0" started-at="2009-11-01T22:39:16Z" finished-at="2009-11-01T22:39:16Z">
        </test-method>
        <test-method status="PASS" signature="begin()" name="begin" is-config="true" duration-ms="0" started-at="2009-11-01T22:39:16Z" finished-at="2009-11-01T22:39:16Z">
        </test-method>
        <test-method status="PASS" signature="testAddSubBytes_TestValue()" name="testAddSubBytes_TestValue" duration-ms="0" started-at="2009-11-01T22:39:16Z" finished-at="2009-11-01T22:39:16Z">
        </test-method>
        <test-method status="PASS" signature="begin()" name="begin" is-config="true" duration-ms="0" started-at="2009-11-01T22:39:16Z" finished-at="2009-11-01T22:39:16Z">
        </test-method>
        <test-method status="PASS" signature="testAddMetaTransformation_TestValue()" name="testAddMetaTransformation_TestValue" duration-ms="15" started-at="2009-11-01T22:39:16Z" finished-at="2009-11-01T22:39:16Z">
        </test-method>
        <test-method status="PASS" signature="begin()" name="begin" is-config="true" duration-ms="0" started-at="2009-11-01T22:39:16Z" finished-at="2009-11-01T22:39:16Z">
        </test-method>
        <test-method status="PASS" signature="begin()" name="begin" is-config="true" duration-ms="0" started-at="2009-11-01T22:39:16Z" finished-at="2009-11-01T22:39:16Z">
        </test-method>
        <test-method status="PASS" signature="begin()" name="begin" is-config="true" duration-ms="0" started-at="2009-11-01T22:39:16Z" finished-at="2009-11-01T22:39:16Z">
        </test-method>
      </class>
      <class name="edu.crypto2.entities.UserTest">
        <test-method status="PASS" signature="begin()" name="begin" is-config="true" duration-ms="0" started-at="2009-11-01T22:39:16Z" finished-at="2009-11-01T22:39:16Z">
        </test-method>
        <test-method status="PASS" signature="testAddUserName()" name="testAddUserName" duration-ms="16" started-at="2009-11-01T22:39:16Z" finished-at="2009-11-01T22:39:16Z">
        </test-method>
        <test-method status="PASS" signature="begin()" name="begin" is-config="true" duration-ms="0" started-at="2009-11-01T22:39:16Z" finished-at="2009-11-01T22:39:16Z">
        </test-method>
        <test-method status="PASS" signature="begin()" name="begin" is-config="true" duration-ms="0" started-at="2009-11-01T22:39:16Z" finished-at="2009-11-01T22:39:16Z">
        </test-method>
        <test-method status="PASS" signature="testAddPassword()" name="testAddPassword" duration-ms="0" started-at="2009-11-01T22:39:16Z" finished-at="2009-11-01T22:39:16Z">
        </test-method>
        <test-method status="PASS" signature="testAddName()" name="testAddName" duration-ms="0" started-at="2009-11-01T22:39:16Z" finished-at="2009-11-01T22:39:16Z">
        </test-method>
      </class>
      <class name="edu.crypto2.components.LinesOutTest">
        <test-method status="PASS" signature="begin()" name="begin" is-config="true" duration-ms="0" started-at="2009-11-01T22:39:16Z" finished-at="2009-11-01T22:39:16Z">
        </test-method>
        <test-method status="PASS" signature="testAddLine3()" name="testAddLine3" duration-ms="0" started-at="2009-11-01T22:39:16Z" finished-at="2009-11-01T22:39:16Z">
        </test-method>
        <test-method status="PASS" signature="testAddLine2()" name="testAddLine2" duration-ms="0" started-at="2009-11-01T22:39:16Z" finished-at="2009-11-01T22:39:16Z">
        </test-method>
        <test-method status="PASS" signature="testAddLine2_before()" name="testAddLine2_before" duration-ms="0" started-at="2009-11-01T22:39:16Z" finished-at="2009-11-01T22:39:16Z">
        </test-method>
        <test-method status="PASS" signature="testAddLine3_before()" name="testAddLine3_before" duration-ms="0" started-at="2009-11-01T22:39:16Z" finished-at="2009-11-01T22:39:16Z">
        </test-method>
        <test-method status="PASS" signature="begin()" name="begin" is-config="true" duration-ms="0" started-at="2009-11-01T22:39:16Z" finished-at="2009-11-01T22:39:16Z">
        </test-method>
        <test-method status="PASS" signature="begin()" name="begin" is-config="true" duration-ms="0" started-at="2009-11-01T22:39:16Z" finished-at="2009-11-01T22:39:16Z">
        </test-method>
        <test-method status="PASS" signature="begin()" name="begin" is-config="true" duration-ms="0" started-at="2009-11-01T22:39:16Z" finished-at="2009-11-01T22:39:16Z">
        </test-method>
        <test-method status="PASS" signature="begin()" name="begin" is-config="true" duration-ms="0" started-at="2009-11-01T22:39:16Z" finished-at="2009-11-01T22:39:16Z">
        </test-method>
        <test-method status="PASS" signature="testConstrustor()" name="testConstrustor" duration-ms="0" started-at="2009-11-01T22:39:16Z" finished-at="2009-11-01T22:39:16Z">
        </test-method>
        <test-method status="PASS" signature="begin()" name="begin" is-config="true" duration-ms="0" started-at="2009-11-01T22:39:15Z" finished-at="2009-11-01T22:39:15Z">
        </test-method>
        <test-method status="PASS" signature="testAddLine0()" name="testAddLine0" duration-ms="0" started-at="2009-11-01T22:39:16Z" finished-at="2009-11-01T22:39:16Z">
        </test-method>
        <test-method status="PASS" signature="begin()" name="begin" is-config="true" duration-ms="0" started-at="2009-11-01T22:39:16Z" finished-at="2009-11-01T22:39:16Z">
        </test-method>
        <test-method status="PASS" signature="testAddLine0_before()" name="testAddLine0_before" duration-ms="0" started-at="2009-11-01T22:39:16Z" finished-at="2009-11-01T22:39:16Z">
        </test-method>
        <test-method status="PASS" signature="begin()" name="begin" is-config="true" duration-ms="0" started-at="2009-11-01T22:39:16Z" finished-at="2009-11-01T22:39:16Z">
        </test-method>
        <test-method status="PASS" signature="testAddLine1_before()" name="testAddLine1_before" duration-ms="16" started-at="2009-11-01T22:39:15Z" finished-at="2009-11-01T22:39:16Z">
        </test-method>
        <test-method status="PASS" signature="testAddLine1()" name="testAddLine1" duration-ms="0" started-at="2009-11-01T22:39:16Z" finished-at="2009-11-01T22:39:16Z">
        </test-method>
        <test-method status="PASS" signature="begin()" name="begin" is-config="true" duration-ms="0" started-at="2009-11-01T22:39:16Z" finished-at="2009-11-01T22:39:16Z">
        </test-method>
      </class>
      <class name="edu.crypto2.entities.SourceTest">
        <test-method status="PASS" signature="testAddUserId()" name="testAddUserId" duration-ms="0" started-at="2009-11-01T22:39:16Z" finished-at="2009-11-01T22:39:16Z">
        </test-method>
        <test-method status="PASS" signature="begin()" name="begin" is-config="true" duration-ms="0" started-at="2009-11-01T22:39:16Z" finished-at="2009-11-01T22:39:16Z">
        </test-method>
        <test-method status="PASS" signature="begin()" name="begin" is-config="true" duration-ms="0" started-at="2009-11-01T22:39:16Z" finished-at="2009-11-01T22:39:16Z">
        </test-method>
        <test-method status="PASS" signature="testAddSourceCode()" name="testAddSourceCode" duration-ms="0" started-at="2009-11-01T22:39:16Z" finished-at="2009-11-01T22:39:16Z">
        </test-method>
      </class>
    </test>
  </suite>
</testng-results>
